2026-03-19T05:42:14+00:00 INFO Trying to create one_cc_address_sync_cron
2026-03-19T05:42:14+00:00 INFO Failed to create one_cc_address_sync_cron as invalid one cc merchant
2026-03-19T05:42:14+00:00 INFO Attempting to delete one_cc_address_sync_cron, status: cancelled, message: invalid_1cc_merchant
2026-03-19T05:42:14+00:00 INFO Deleted one_cc_address_sync_cron  if exists
2026-03-19T05:42:14+00:00 INFO updateAddressSyncCronData: status=cancelled, message=invalid_1cc_merchant, cronStatus=deleted
2026-03-19T05:42:14+00:00 INFO create one_cc_plugin_sync_cron successful
2026-03-19T05:42:45+00:00 INFO Trying to create one_cc_address_sync_cron
2026-03-19T05:42:45+00:00 INFO Failed to create one_cc_address_sync_cron as invalid one cc merchant
2026-03-19T05:42:45+00:00 INFO Attempting to delete one_cc_address_sync_cron, status: cancelled, message: invalid_1cc_merchant
2026-03-19T05:42:45+00:00 INFO Deleted one_cc_address_sync_cron  if exists
2026-03-19T05:42:45+00:00 INFO updateAddressSyncCronData: status=cancelled, message=invalid_1cc_merchant, cronStatus=deleted
2026-03-19T05:42:45+00:00 INFO create one_cc_plugin_sync_cron successful
2026-03-19T05:42:51+00:00 INFO rzp_webhook_exec_cron cron created
2026-03-19T05:42:51+00:00 INFO Webhook table Created.
2026-03-19T05:42:57+00:00 INFO Trying to create one_cc_address_sync_cron
2026-03-19T05:42:57+00:00 INFO Failed to create one_cc_address_sync_cron as invalid one cc merchant
2026-03-19T05:42:57+00:00 INFO Attempting to delete one_cc_address_sync_cron, status: cancelled, message: invalid_1cc_merchant
2026-03-19T05:42:57+00:00 INFO Deleted one_cc_address_sync_cron  if exists
2026-03-19T05:42:57+00:00 INFO updateAddressSyncCronData: status=cancelled, message=invalid_1cc_merchant, cronStatus=deleted
2026-03-19T05:42:57+00:00 INFO create one_cc_plugin_sync_cron successful
2026-03-19T05:42:59+00:00 INFO Running webhook cron.
2026-03-19T05:42:59+00:00 INFO Webhook cron execution completed.
2026-03-19T05:48:10+00:00 INFO Running webhook cron.
2026-03-19T05:48:10+00:00 INFO Webhook cron execution completed.
2026-03-19T05:54:11+00:00 INFO Running webhook cron.
2026-03-19T05:54:11+00:00 INFO Webhook cron execution completed.
2026-03-19T05:59:16+00:00 INFO Running webhook cron.
2026-03-19T05:59:16+00:00 INFO Webhook cron execution completed.
2026-03-19T06:03:13+00:00 INFO Running webhook cron.
2026-03-19T06:03:13+00:00 INFO Webhook cron execution completed.
2026-03-19T06:12:17+00:00 INFO Running webhook cron.
2026-03-19T06:12:17+00:00 INFO Webhook cron execution completed.
2026-03-19T06:14:14+00:00 INFO Running webhook cron.
2026-03-19T06:14:14+00:00 INFO Webhook cron execution completed.
2026-03-19T06:18:16+00:00 INFO Running webhook cron.
2026-03-19T06:18:16+00:00 INFO Webhook cron execution completed.
2026-03-19T06:35:35+00:00 INFO Running webhook cron.
2026-03-19T06:35:35+00:00 INFO Webhook cron execution completed.
2026-03-19T06:38:35+00:00 INFO Running webhook cron.
2026-03-19T06:38:35+00:00 INFO Webhook cron execution completed.
2026-03-19T06:43:31+00:00 INFO Running webhook cron.
2026-03-19T06:43:31+00:00 INFO Webhook cron execution completed.
2026-03-19T06:48:33+00:00 INFO Running webhook cron.
2026-03-19T06:48:33+00:00 INFO Webhook cron execution completed.
2026-03-19T06:54:40+00:00 INFO Running webhook cron.
2026-03-19T06:54:40+00:00 INFO Webhook cron execution completed.
2026-03-19T06:57:59+00:00 INFO Trying to create one_cc_address_sync_cron
2026-03-19T06:57:59+00:00 INFO Failed to create one_cc_address_sync_cron as invalid one cc merchant
2026-03-19T06:57:59+00:00 INFO Attempting to delete one_cc_address_sync_cron, status: cancelled, message: invalid_1cc_merchant
2026-03-19T06:57:59+00:00 INFO Deleted one_cc_address_sync_cron  if exists
2026-03-19T06:57:59+00:00 INFO updateAddressSyncCronData: status=cancelled, message=invalid_1cc_merchant, cronStatus=deleted
2026-03-19T06:57:59+00:00 INFO create one_cc_plugin_sync_cron successful
2026-03-19T06:58:11+00:00 INFO Running webhook cron.
2026-03-19T06:58:11+00:00 INFO Webhook cron execution completed.
2026-03-19T06:58:27+00:00 INFO Trying to create one_cc_address_sync_cron
2026-03-19T06:58:27+00:00 INFO Failed to create one_cc_address_sync_cron as invalid one cc merchant
2026-03-19T06:58:27+00:00 INFO Attempting to delete one_cc_address_sync_cron, status: cancelled, message: invalid_1cc_merchant
2026-03-19T06:58:27+00:00 INFO Deleted one_cc_address_sync_cron  if exists
2026-03-19T06:58:27+00:00 INFO updateAddressSyncCronData: status=cancelled, message=invalid_1cc_merchant, cronStatus=deleted
2026-03-19T06:58:27+00:00 INFO create one_cc_plugin_sync_cron successful
2026-03-19T06:59:10+00:00 INFO Trying to create one_cc_address_sync_cron
2026-03-19T06:59:10+00:00 INFO Failed to create one_cc_address_sync_cron as invalid one cc merchant
2026-03-19T06:59:10+00:00 INFO Attempting to delete one_cc_address_sync_cron, status: cancelled, message: invalid_1cc_merchant
2026-03-19T06:59:10+00:00 INFO Deleted one_cc_address_sync_cron  if exists
2026-03-19T06:59:10+00:00 INFO updateAddressSyncCronData: status=cancelled, message=invalid_1cc_merchant, cronStatus=deleted
2026-03-19T06:59:10+00:00 INFO create one_cc_plugin_sync_cron successful
2026-03-19T06:59:35+00:00 INFO Trying to create one_cc_address_sync_cron
2026-03-19T06:59:35+00:00 INFO Failed to create one_cc_address_sync_cron as invalid one cc merchant
2026-03-19T06:59:35+00:00 INFO Attempting to delete one_cc_address_sync_cron, status: cancelled, message: invalid_1cc_merchant
2026-03-19T06:59:35+00:00 INFO Deleted one_cc_address_sync_cron  if exists
2026-03-19T06:59:35+00:00 INFO updateAddressSyncCronData: status=cancelled, message=invalid_1cc_merchant, cronStatus=deleted
2026-03-19T06:59:35+00:00 INFO create one_cc_plugin_sync_cron successful
2026-03-19T07:00:12+00:00 INFO Trying to create one_cc_address_sync_cron
2026-03-19T07:00:12+00:00 INFO Failed to create one_cc_address_sync_cron as invalid one cc merchant
2026-03-19T07:00:12+00:00 INFO Attempting to delete one_cc_address_sync_cron, status: cancelled, message: invalid_1cc_merchant
2026-03-19T07:00:12+00:00 INFO Deleted one_cc_address_sync_cron  if exists
2026-03-19T07:00:12+00:00 INFO updateAddressSyncCronData: status=cancelled, message=invalid_1cc_merchant, cronStatus=deleted
2026-03-19T07:00:12+00:00 INFO create one_cc_plugin_sync_cron successful
2026-03-19T07:00:38+00:00 INFO Trying to create one_cc_address_sync_cron
2026-03-19T07:00:38+00:00 INFO Failed to create one_cc_address_sync_cron as invalid one cc merchant
2026-03-19T07:00:38+00:00 INFO Attempting to delete one_cc_address_sync_cron, status: cancelled, message: invalid_1cc_merchant
2026-03-19T07:00:38+00:00 INFO Deleted one_cc_address_sync_cron  if exists
2026-03-19T07:00:38+00:00 INFO updateAddressSyncCronData: status=cancelled, message=invalid_1cc_merchant, cronStatus=deleted
2026-03-19T07:00:38+00:00 INFO create one_cc_plugin_sync_cron successful
2026-03-19T07:00:57+00:00 INFO Trying to create one_cc_address_sync_cron
2026-03-19T07:00:57+00:00 INFO Failed to create one_cc_address_sync_cron as invalid one cc merchant
2026-03-19T07:00:57+00:00 INFO Attempting to delete one_cc_address_sync_cron, status: cancelled, message: invalid_1cc_merchant
2026-03-19T07:00:57+00:00 INFO Deleted one_cc_address_sync_cron  if exists
2026-03-19T07:00:57+00:00 INFO updateAddressSyncCronData: status=cancelled, message=invalid_1cc_merchant, cronStatus=deleted
2026-03-19T07:00:57+00:00 INFO create one_cc_plugin_sync_cron successful
2026-03-19T07:01:10+00:00 INFO Trying to create one_cc_address_sync_cron
2026-03-19T07:01:10+00:00 INFO Failed to create one_cc_address_sync_cron as invalid one cc merchant
2026-03-19T07:01:10+00:00 INFO Attempting to delete one_cc_address_sync_cron, status: cancelled, message: invalid_1cc_merchant
2026-03-19T07:01:10+00:00 INFO Deleted one_cc_address_sync_cron  if exists
2026-03-19T07:01:10+00:00 INFO updateAddressSyncCronData: status=cancelled, message=invalid_1cc_merchant, cronStatus=deleted
2026-03-19T07:01:10+00:00 INFO create one_cc_plugin_sync_cron successful
2026-03-19T07:01:28+00:00 INFO Trying to create one_cc_address_sync_cron
2026-03-19T07:01:28+00:00 INFO Failed to create one_cc_address_sync_cron as invalid one cc merchant
2026-03-19T07:01:28+00:00 INFO Attempting to delete one_cc_address_sync_cron, status: cancelled, message: invalid_1cc_merchant
2026-03-19T07:01:28+00:00 INFO Deleted one_cc_address_sync_cron  if exists
2026-03-19T07:01:28+00:00 INFO updateAddressSyncCronData: status=cancelled, message=invalid_1cc_merchant, cronStatus=deleted
2026-03-19T07:01:28+00:00 INFO create one_cc_plugin_sync_cron successful
2026-03-19T07:01:49+00:00 INFO Trying to create one_cc_address_sync_cron
2026-03-19T07:01:49+00:00 INFO Failed to create one_cc_address_sync_cron as invalid one cc merchant
2026-03-19T07:01:49+00:00 INFO Attempting to delete one_cc_address_sync_cron, status: cancelled, message: invalid_1cc_merchant
2026-03-19T07:01:49+00:00 INFO Deleted one_cc_address_sync_cron  if exists
2026-03-19T07:01:49+00:00 INFO updateAddressSyncCronData: status=cancelled, message=invalid_1cc_merchant, cronStatus=deleted
2026-03-19T07:01:49+00:00 INFO create one_cc_plugin_sync_cron successful
2026-03-19T07:02:05+00:00 INFO Trying to create one_cc_address_sync_cron
2026-03-19T07:02:05+00:00 INFO Failed to create one_cc_address_sync_cron as invalid one cc merchant
2026-03-19T07:02:05+00:00 INFO Attempting to delete one_cc_address_sync_cron, status: cancelled, message: invalid_1cc_merchant
2026-03-19T07:02:05+00:00 INFO Deleted one_cc_address_sync_cron  if exists
2026-03-19T07:02:05+00:00 INFO updateAddressSyncCronData: status=cancelled, message=invalid_1cc_merchant, cronStatus=deleted
2026-03-19T07:02:05+00:00 INFO create one_cc_plugin_sync_cron successful
2026-03-19T07:02:16+00:00 INFO Trying to create one_cc_address_sync_cron
2026-03-19T07:02:16+00:00 INFO Failed to create one_cc_address_sync_cron as invalid one cc merchant
2026-03-19T07:02:16+00:00 INFO Attempting to delete one_cc_address_sync_cron, status: cancelled, message: invalid_1cc_merchant
2026-03-19T07:02:16+00:00 INFO Deleted one_cc_address_sync_cron  if exists
2026-03-19T07:02:16+00:00 INFO updateAddressSyncCronData: status=cancelled, message=invalid_1cc_merchant, cronStatus=deleted
2026-03-19T07:02:16+00:00 INFO create one_cc_plugin_sync_cron successful
2026-03-19T07:02:25+00:00 INFO Trying to create one_cc_address_sync_cron
2026-03-19T07:02:25+00:00 INFO Failed to create one_cc_address_sync_cron as invalid one cc merchant
2026-03-19T07:02:25+00:00 INFO Attempting to delete one_cc_address_sync_cron, status: cancelled, message: invalid_1cc_merchant
2026-03-19T07:02:25+00:00 INFO Deleted one_cc_address_sync_cron  if exists
2026-03-19T07:02:25+00:00 INFO updateAddressSyncCronData: status=cancelled, message=invalid_1cc_merchant, cronStatus=deleted
2026-03-19T07:02:25+00:00 INFO create one_cc_plugin_sync_cron successful
2026-03-19T07:03:16+00:00 INFO Running webhook cron.
2026-03-19T07:03:16+00:00 INFO Webhook cron execution completed.
2026-03-19T07:04:04+00:00 INFO Trying to create one_cc_address_sync_cron
2026-03-19T07:04:04+00:00 INFO Failed to create one_cc_address_sync_cron as invalid one cc merchant
2026-03-19T07:04:04+00:00 INFO Attempting to delete one_cc_address_sync_cron, status: cancelled, message: invalid_1cc_merchant
2026-03-19T07:04:04+00:00 INFO Deleted one_cc_address_sync_cron  if exists
2026-03-19T07:04:04+00:00 INFO updateAddressSyncCronData: status=cancelled, message=invalid_1cc_merchant, cronStatus=deleted
2026-03-19T07:04:04+00:00 INFO create one_cc_plugin_sync_cron successful
2026-03-19T07:04:20+00:00 INFO Trying to create one_cc_address_sync_cron
2026-03-19T07:04:20+00:00 INFO Failed to create one_cc_address_sync_cron as invalid one cc merchant
2026-03-19T07:04:20+00:00 INFO Attempting to delete one_cc_address_sync_cron, status: cancelled, message: invalid_1cc_merchant
2026-03-19T07:04:20+00:00 INFO Deleted one_cc_address_sync_cron  if exists
2026-03-19T07:04:20+00:00 INFO updateAddressSyncCronData: status=cancelled, message=invalid_1cc_merchant, cronStatus=deleted
2026-03-19T07:04:20+00:00 INFO create one_cc_plugin_sync_cron successful
2026-03-19T07:08:11+00:00 INFO Running webhook cron.
2026-03-19T07:08:11+00:00 INFO Webhook cron execution completed.
2026-03-19T07:13:01+00:00 INFO Running webhook cron.
2026-03-19T07:13:01+00:00 INFO Webhook cron execution completed.
2026-03-19T07:18:06+00:00 INFO Running webhook cron.
2026-03-19T07:18:06+00:00 INFO Webhook cron execution completed.
2026-03-19T07:22:56+00:00 INFO Running webhook cron.
2026-03-19T07:22:56+00:00 INFO Webhook cron execution completed.
2026-03-19T07:28:50+00:00 INFO Running webhook cron.
2026-03-19T07:28:50+00:00 INFO Webhook cron execution completed.
2026-03-19T07:32:53+00:00 INFO Running webhook cron.
2026-03-19T07:32:53+00:00 INFO Webhook cron execution completed.
2026-03-19T07:38:06+00:00 INFO Running webhook cron.
2026-03-19T07:38:06+00:00 INFO Webhook cron execution completed.
2026-03-19T07:43:07+00:00 INFO Running webhook cron.
2026-03-19T07:43:07+00:00 INFO Webhook cron execution completed.
2026-03-19T07:48:23+00:00 INFO Running webhook cron.
2026-03-19T07:48:23+00:00 INFO Webhook cron execution completed.
2026-03-19T07:53:08+00:00 INFO Running webhook cron.
2026-03-19T07:53:08+00:00 INFO Webhook cron execution completed.
2026-03-19T07:57:55+00:00 INFO Running webhook cron.
2026-03-19T07:57:55+00:00 INFO Webhook cron execution completed.
2026-03-19T08:03:31+00:00 INFO Running webhook cron.
2026-03-19T08:03:31+00:00 INFO Webhook cron execution completed.
2026-03-19T08:08:00+00:00 INFO Running webhook cron.
2026-03-19T08:08:00+00:00 INFO Webhook cron execution completed.
2026-03-19T08:13:09+00:00 INFO Running webhook cron.
2026-03-19T08:13:09+00:00 INFO Webhook cron execution completed.
2026-03-19T08:17:57+00:00 INFO Running webhook cron.
2026-03-19T08:17:57+00:00 INFO Webhook cron execution completed.
2026-03-19T08:22:59+00:00 INFO Running webhook cron.
2026-03-19T08:22:59+00:00 INFO Webhook cron execution completed.
2026-03-19T08:27:54+00:00 INFO Running webhook cron.
2026-03-19T08:27:54+00:00 INFO Webhook cron execution completed.
2026-03-19T08:32:54+00:00 INFO Running webhook cron.
2026-03-19T08:32:54+00:00 INFO Webhook cron execution completed.
2026-03-19T08:37:58+00:00 INFO Running webhook cron.
2026-03-19T08:37:58+00:00 INFO Webhook cron execution completed.
2026-03-19T08:45:34+00:00 INFO Running webhook cron.
2026-03-19T08:45:34+00:00 INFO Webhook cron execution completed.
2026-03-19T08:49:35+00:00 INFO Running webhook cron.
2026-03-19T08:49:35+00:00 INFO Webhook cron execution completed.
2026-03-19T08:53:37+00:00 INFO Running webhook cron.
2026-03-19T08:53:37+00:00 INFO Webhook cron execution completed.
2026-03-19T08:57:56+00:00 INFO Running webhook cron.
2026-03-19T08:57:56+00:00 INFO Webhook cron execution completed.
2026-03-19T09:02:54+00:00 INFO Running webhook cron.
2026-03-19T09:02:54+00:00 INFO Webhook cron execution completed.
2026-03-19T09:08:22+00:00 INFO Running webhook cron.
2026-03-19T09:08:22+00:00 INFO Webhook cron execution completed.
2026-03-19T09:13:53+00:00 INFO Running webhook cron.
2026-03-19T09:13:53+00:00 INFO Webhook cron execution completed.
2026-03-19T09:17:55+00:00 INFO Running webhook cron.
2026-03-19T09:17:55+00:00 INFO Webhook cron execution completed.
2026-03-19T09:23:58+00:00 INFO Running webhook cron.
2026-03-19T09:23:58+00:00 INFO Webhook cron execution completed.
2026-03-19T09:28:00+00:00 INFO Running webhook cron.
2026-03-19T09:28:00+00:00 INFO Webhook cron execution completed.
2026-03-19T09:34:07+00:00 INFO Running webhook cron.
2026-03-19T09:34:07+00:00 INFO Webhook cron execution completed.
2026-03-19T09:38:04+00:00 INFO Running webhook cron.
2026-03-19T09:38:04+00:00 INFO Webhook cron execution completed.
2026-03-19T09:44:07+00:00 INFO Running webhook cron.
2026-03-19T09:44:07+00:00 INFO Webhook cron execution completed.
2026-03-19T09:48:09+00:00 INFO Running webhook cron.
2026-03-19T09:48:09+00:00 INFO Webhook cron execution completed.
2026-03-19T09:54:12+00:00 INFO Running webhook cron.
2026-03-19T09:54:12+00:00 INFO Webhook cron execution completed.
2026-03-19T09:58:14+00:00 INFO Running webhook cron.
2026-03-19T09:58:14+00:00 INFO Webhook cron execution completed.
2026-03-19T10:04:17+00:00 INFO Running webhook cron.
2026-03-19T10:04:17+00:00 INFO Webhook cron execution completed.
2026-03-19T10:24:00+00:00 INFO Running webhook cron.
2026-03-19T10:24:00+00:00 INFO Webhook cron execution completed.
2026-03-19T10:28:01+00:00 INFO Running webhook cron.
2026-03-19T10:28:01+00:00 INFO Webhook cron execution completed.
2026-03-19T10:33:02+00:00 INFO Running webhook cron.
2026-03-19T10:33:02+00:00 INFO Webhook cron execution completed.
2026-03-19T10:38:01+00:00 INFO Running webhook cron.
2026-03-19T10:38:01+00:00 INFO Webhook cron execution completed.
2026-03-19T10:43:04+00:00 INFO Running webhook cron.
2026-03-19T10:43:04+00:00 INFO Webhook cron execution completed.
2026-03-19T10:48:07+00:00 INFO Running webhook cron.
2026-03-19T10:48:07+00:00 INFO Webhook cron execution completed.
2026-03-19T10:53:01+00:00 INFO Running webhook cron.
2026-03-19T10:53:01+00:00 INFO Webhook cron execution completed.
2026-03-19T10:57:54+00:00 INFO Running webhook cron.
2026-03-19T10:57:54+00:00 INFO Webhook cron execution completed.
2026-03-19T11:04:45+00:00 INFO Running webhook cron.
2026-03-19T11:04:45+00:00 INFO Webhook cron execution completed.
2026-03-19T11:07:57+00:00 INFO Running webhook cron.
2026-03-19T11:07:57+00:00 INFO Webhook cron execution completed.
2026-03-19T11:12:57+00:00 INFO Running webhook cron.
2026-03-19T11:12:57+00:00 INFO Webhook cron execution completed.
2026-03-19T11:17:55+00:00 INFO Running webhook cron.
2026-03-19T11:17:55+00:00 INFO Webhook cron execution completed.
2026-03-19T11:22:55+00:00 INFO Running webhook cron.
2026-03-19T11:22:55+00:00 INFO Webhook cron execution completed.
2026-03-19T11:28:15+00:00 INFO Running webhook cron.
2026-03-19T11:28:15+00:00 INFO Webhook cron execution completed.
2026-03-19T11:33:17+00:00 INFO Running webhook cron.
2026-03-19T11:33:17+00:00 INFO Webhook cron execution completed.
2026-03-19T11:39:22+00:00 INFO Running webhook cron.
2026-03-19T11:39:22+00:00 INFO Webhook cron execution completed.
2026-03-19T11:43:22+00:00 INFO Running webhook cron.
2026-03-19T11:43:22+00:00 INFO Webhook cron execution completed.
2026-03-19T11:49:25+00:00 INFO Running webhook cron.
2026-03-19T11:49:25+00:00 INFO Webhook cron execution completed.
2026-03-19T11:53:02+00:00 INFO Running webhook cron.
2026-03-19T11:53:02+00:00 INFO Webhook cron execution completed.
2026-03-19T11:58:16+00:00 INFO Running webhook cron.
2026-03-19T11:58:16+00:00 INFO Webhook cron execution completed.
2026-03-19T12:04:19+00:00 INFO Running webhook cron.
2026-03-19T12:04:19+00:00 INFO Webhook cron execution completed.
2026-03-19T12:08:20+00:00 INFO Running webhook cron.
2026-03-19T12:08:20+00:00 INFO Webhook cron execution completed.
2026-03-19T12:14:24+00:00 INFO Running webhook cron.
2026-03-19T12:14:24+00:00 INFO Webhook cron execution completed.
2026-03-19T12:18:26+00:00 INFO Running webhook cron.
2026-03-19T12:18:26+00:00 INFO Webhook cron execution completed.
2026-03-19T12:24:29+00:00 INFO Running webhook cron.
2026-03-19T12:24:29+00:00 INFO Webhook cron execution completed.
2026-03-19T12:28:29+00:00 INFO Running webhook cron.
2026-03-19T12:28:29+00:00 INFO Webhook cron execution completed.
2026-03-19T12:34:04+00:00 INFO Running webhook cron.
2026-03-19T12:34:04+00:00 INFO Webhook cron execution completed.
2026-03-19T12:38:02+00:00 INFO Running webhook cron.
2026-03-19T12:38:02+00:00 INFO Webhook cron execution completed.
2026-03-19T12:43:22+00:00 INFO Running webhook cron.
2026-03-19T12:43:22+00:00 INFO Webhook cron execution completed.
2026-03-19T12:48:17+00:00 INFO Running webhook cron.
2026-03-19T12:48:17+00:00 INFO Webhook cron execution completed.
2026-03-19T12:52:54+00:00 INFO Running webhook cron.
2026-03-19T12:52:54+00:00 INFO Webhook cron execution completed.
2026-03-19T12:58:02+00:00 INFO Running webhook cron.
2026-03-19T12:58:02+00:00 INFO Webhook cron execution completed.
2026-03-19T13:03:42+00:00 INFO Running webhook cron.
2026-03-19T13:03:42+00:00 INFO Webhook cron execution completed.
2026-03-19T13:08:30+00:00 INFO Running webhook cron.
2026-03-19T13:08:30+00:00 INFO Webhook cron execution completed.
2026-03-19T13:13:04+00:00 INFO Running webhook cron.
2026-03-19T13:13:04+00:00 INFO Webhook cron execution completed.
2026-03-19T13:18:35+00:00 INFO Running webhook cron.
2026-03-19T13:18:35+00:00 INFO Webhook cron execution completed.
2026-03-19T13:24:11+00:00 INFO Running webhook cron.
2026-03-19T13:24:11+00:00 INFO Webhook cron execution completed.
2026-03-19T13:27:53+00:00 INFO Running webhook cron.
2026-03-19T13:27:53+00:00 INFO Webhook cron execution completed.
2026-03-19T13:32:58+00:00 INFO Running webhook cron.
2026-03-19T13:32:58+00:00 INFO Webhook cron execution completed.
2026-03-19T13:38:00+00:00 INFO Running webhook cron.
2026-03-19T13:38:00+00:00 INFO Webhook cron execution completed.
2026-03-19T13:43:17+00:00 INFO Running webhook cron.
2026-03-19T13:43:17+00:00 INFO Webhook cron execution completed.
2026-03-19T13:47:56+00:00 INFO Running webhook cron.
2026-03-19T13:47:56+00:00 INFO Webhook cron execution completed.
2026-03-19T13:53:37+00:00 INFO Running webhook cron.
2026-03-19T13:53:37+00:00 INFO Webhook cron execution completed.
2026-03-19T13:58:01+00:00 INFO Running webhook cron.
2026-03-19T13:58:01+00:00 INFO Webhook cron execution completed.
2026-03-19T14:02:55+00:00 INFO Running webhook cron.
2026-03-19T14:02:55+00:00 INFO Webhook cron execution completed.
2026-03-19T14:08:09+00:00 INFO Running webhook cron.
2026-03-19T14:08:09+00:00 INFO Webhook cron execution completed.
2026-03-19T14:12:58+00:00 INFO Running webhook cron.
2026-03-19T14:12:58+00:00 INFO Webhook cron execution completed.
2026-03-19T14:18:39+00:00 INFO Running webhook cron.
2026-03-19T14:18:39+00:00 INFO Webhook cron execution completed.
2026-03-19T14:22:53+00:00 INFO Running webhook cron.
2026-03-19T14:22:53+00:00 INFO Webhook cron execution completed.
2026-03-19T14:28:44+00:00 INFO Running webhook cron.
2026-03-19T14:28:44+00:00 INFO Webhook cron execution completed.
2026-03-19T14:32:58+00:00 INFO Running webhook cron.
2026-03-19T14:32:58+00:00 INFO Webhook cron execution completed.
2026-03-19T14:38:49+00:00 INFO Running webhook cron.
2026-03-19T14:38:49+00:00 INFO Webhook cron execution completed.
2026-03-19T14:43:03+00:00 INFO Running webhook cron.
2026-03-19T14:43:03+00:00 INFO Webhook cron execution completed.
2026-03-19T14:48:54+00:00 INFO Running webhook cron.
2026-03-19T14:48:54+00:00 INFO Webhook cron execution completed.
2026-03-19T14:52:55+00:00 INFO Running webhook cron.
2026-03-19T14:52:55+00:00 INFO Webhook cron execution completed.
2026-03-19T14:58:58+00:00 INFO Running webhook cron.
2026-03-19T14:58:58+00:00 INFO Webhook cron execution completed.
2026-03-19T15:03:00+00:00 INFO Running webhook cron.
2026-03-19T15:03:00+00:00 INFO Webhook cron execution completed.
