2026-03-19T06:58:08+00:00 INFO Automatic database update triggered.
2026-03-19T06:58:08+00:00 INFO Scheduling database updates (from 9.3.3)...
2026-03-19T06:58:08+00:00 INFO   [9.4.0] Scheduled 'wc_update_940_add_phone_to_order_address_fts_index'.
2026-03-19T06:58:08+00:00 INFO   [9.4.0] Scheduled 'wc_update_940_remove_help_panel_highlight_shown'.
2026-03-19T06:58:08+00:00 INFO   [9.5.0] Scheduled 'wc_update_950_tracking_option_autoload'.
2026-03-19T06:58:08+00:00 INFO   [9.6.1] Scheduled 'wc_update_961_migrate_default_email_base_color'.
2026-03-19T06:58:08+00:00 INFO   [9.8.0] Scheduled 'wc_update_980_remove_order_attribution_install_banner_dismissed_option'.
2026-03-19T06:58:08+00:00 INFO   [9.8.5] Scheduled 'wc_update_985_enable_new_payments_settings_page_feature'.
2026-03-19T06:58:08+00:00 INFO   [9.9.0] Scheduled 'wc_update_990_remove_wc_count_comments_transient'.
2026-03-19T06:58:08+00:00 INFO   [9.9.0] Scheduled 'wc_update_990_remove_email_notes'.
2026-03-19T06:58:08+00:00 INFO   [10.0.0] Scheduled 'wc_update_1000_multisite_visibility_setting'.
2026-03-19T06:58:08+00:00 INFO   [10.0.0] Scheduled 'wc_update_1000_remove_patterns_toolkit_transient'.
2026-03-19T06:58:09+00:00 INFO   [10.2.0] Scheduled 'wc_update_1020_add_old_refunded_order_items_to_product_lookup_table'.
2026-03-19T06:58:09+00:00 INFO   [10.3.0] Scheduled 'wc_update_1030_add_comments_date_type_index'.
2026-03-19T06:58:09+00:00 INFO   [10.4.0] Scheduled 'wc_update_1040_add_idx_date_paid_status_parent'.
2026-03-19T06:58:09+00:00 INFO   [10.4.0] Scheduled 'wc_update_1040_cleanup_legacy_ptk_patterns_fetching'.
2026-03-19T06:58:09+00:00 INFO   [10.5.0] Scheduled 'wc_update_1050_migrate_brand_permalink_setting'.
2026-03-19T06:58:09+00:00 INFO   [10.5.0] Scheduled 'wc_update_1050_enable_autoload_options'.
2026-03-19T06:58:09+00:00 INFO   [10.5.0] Scheduled 'wc_update_1050_add_idx_user_email'.
2026-03-19T06:58:09+00:00 INFO   [10.5.0] Scheduled 'wc_update_1050_remove_deprecated_marketplace_option'.
2026-03-19T06:58:09+00:00 INFO   [10.6.0] Scheduled 'wc_update_1060_add_woo_idx_comment_approved_type_index'.
2026-03-19T06:58:09+00:00 INFO Database updates scheduled.
2026-03-19T06:58:11+00:00 INFO During the update to 9.4.0, WooCommerce removed 0 user meta rows associated with the meta key "woocommerce_admin_help_panel_highlight_shown".
